[Architectury Transformer] Architectury Runtime 5.2.91
[Architectury Transformer DEBUG] Closed File Systems for /home/bgame/IdeaProjects/UIWeaver/common/build/devlibs/uiweaver-0.1.0-dev.jar
[Architectury Transformer DEBUG] Preparing tiny remapper prepared transformer: dev.architectury.transformer.handler.TinyRemapperPreparedTransformerHandler
[Architectury Transformer DEBUG] Provided 112 classpath jar(s):
[Architectury Transformer DEBUG]  - /home/bgame/.gradle/caches/modules-2/files-2.1/dev.architectury/architectury-injectables/1.0.10/62db2a366d662606d1b23ad02ccc3212ed37ec3/architectury-injectables-1.0.10.jar
[Architectury Transformer DEBUG]  - /home/bgame/.gradle/caches/modules-2/files-2.1/net.fabricmc/fabric-loader/0.19.2/cc647a5b22dbc49b9a3267cebcee25fc4882b108/fabric-loader-0.19.2.jar
[Architectury Transformer DEBUG]  - /home/bgame/.gradle/caches/modules-2/files-2.1/org.jetbrains/annotations/24.0.1/13c5c75c4206580aa4d683bffee658caae6c9f43/annotations-24.0.1.jar
[Architectury Transformer DEBUG]  - /home/bgame/.gradle/caches/modules-2/files-2.1/net.fabricmc/tiny-mappings-parser/0.3.0+build.17/2f10540a290e382a7cd35c16ec3900046a4e252/tiny-mappings-parser-0.3.0+build.17.jar
[Architectury Transformer DEBUG]  - /home/bgame/.gradle/caches/modules-2/files-2.1/net.fabricmc/sponge-mixin/0.12.5+mixin.0.8.5/8d31fb97c3e0cd7c8dad3441851c523bcfae6d8e/sponge-mixin-0.12.5+mixin.0.8.5.jar
[Architectury Transformer DEBUG]  - /home/bgame/.gradle/caches/modules-2/files-2.1/net.fabricmc/tiny-remapper/0.8.2/2cc6565989469ec38893bfb7802b31c0d0d11ea0/tiny-remapper-0.8.2.jar
[Architectury Transformer DEBUG]  - /home/bgame/.gradle/caches/modules-2/files-2.1/net.fabricmc/access-widener/2.1.0/f62a27adbfd8ab4d4fa5681793039f2c0b177155/access-widener-2.1.0.jar
[Architectury Transformer DEBUG]  - /home/bgame/.gradle/caches/modules-2/files-2.1/org.ow2.asm/asm/9.5/dc6ea1875f4d64fbc85e1691c95b96a3d8569c90/asm-9.5.jar
[Architectury Transformer DEBUG]  - /home/bgame/.gradle/caches/modules-2/files-2.1/org.ow2.asm/asm-analysis/9.5/490bacc77de7cbc0be1a30bb3471072d705be4a4/asm-analysis-9.5.jar
[Architectury Transformer DEBUG]  - /home/bgame/.gradle/caches/modules-2/files-2.1/org.ow2.asm/asm-commons/9.5/19ab5b5800a3910d30d3a3e64fdb00fd0cb42de0/asm-commons-9.5.jar
[Architectury Transformer DEBUG]  - /home/bgame/.gradle/caches/modules-2/files-2.1/org.ow2.asm/asm-tree/9.5/fd33c8b6373abaa675be407082fdfda35021254a/asm-tree-9.5.jar
[Architectury Transformer DEBUG]  - /home/bgame/.gradle/caches/modules-2/files-2.1/org.ow2.asm/asm-util/9.5/64b5a1fc8c1b15ed2efd6a063e976bc8d3dc5ffe/asm-util-9.5.jar
[Architectury Transformer DEBUG]  - /home/bgame/.gradle/caches/modules-2/files-2.1/com.github.oshi/oshi-core/6.2.2/54f5efc19bca95d709d9a37d19ffcbba3d21c1a6/oshi-core-6.2.2.jar
[Architectury Transformer DEBUG]  - /home/bgame/.gradle/caches/modules-2/files-2.1/com.google.code.gson/gson/2.10/dd9b193aef96e973d5a11ab13cd17430c2e4306b/gson-2.10.jar
[Architectury Transformer DEBUG]  - /home/bgame/.gradle/caches/modules-2/files-2.1/com.google.guava/failureaccess/1.0.1/1dcf1de382a0bf95a3d8b0849546c88bac1292c9/failureaccess-1.0.1.jar
[Architectury Transformer DEBUG]  - /home/bgame/.gradle/caches/modules-2/files-2.1/com.google.guava/guava/31.1-jre/60458f877d055d0c9114d9e1a2efb737b4bc282c/guava-31.1-jre.jar
[Architectury Transformer DEBUG]  - /home/bgame/.gradle/caches/modules-2/files-2.1/com.ibm.icu/icu4j/71.1/9e7d3304c23f9ba5cb71915f7cce23231a57a445/icu4j-71.1.jar
[Architectury Transformer DEBUG]  - /home/bgame/.gradle/caches/modules-2/files-2.1/com.mojang/authlib/4.0.43/2ff9d747a77570a07a60d32ac77eb6162ad2a2d9/authlib-4.0.43.jar
[Architectury Transformer DEBUG]  - /home/bgame/.gradle/caches/modules-2/files-2.1/com.mojang/blocklist/1.0.10/5c685c5ffa94c4cd39496c7184c1d122e515ecef/blocklist-1.0.10.jar
[Architectury Transformer DEBUG]  - /home/bgame/.gradle/caches/modules-2/files-2.1/com.mojang/brigadier/1.1.8/5244ce82c3337bba4a196a3ce858bfaecc74404a/brigadier-1.1.8.jar
[Architectury Transformer DEBUG]  - /home/bgame/.gradle/caches/modules-2/files-2.1/com.mojang/datafixerupper/6.0.8/3ba4a30557a9b057760af4011f909ba619fc5125/datafixerupper-6.0.8.jar
[Architectury Transformer DEBUG]  - /home/bgame/.gradle/caches/modules-2/files-2.1/com.mojang/logging/1.1.1/832b8e6674a9b325a5175a3a6267dfaf34c85139/logging-1.1.1.jar
[Architectury Transformer DEBUG]  - /home/bgame/.gradle/caches/modules-2/files-2.1/com.mojang/patchy/2.2.10/da05971b07cbb379d002cf7eaec6a2048211fefc/patchy-2.2.10.jar
[Architectury Transformer DEBUG]  - /home/bgame/.gradle/caches/modules-2/files-2.1/com.mojang/text2speech/1.17.9/3cad216e3a7f0c19b4b394388bc9ffc446f13b14/text2speech-1.17.9.jar
[Architectury Transformer DEBUG]  - /home/bgame/.gradle/caches/modules-2/files-2.1/commons-codec/commons-codec/1.15/49d94806b6e3dc933dacbd8acb0fdbab8ebd1e5d/commons-codec-1.15.jar
[Architectury Transformer DEBUG]  - /home/bgame/.gradle/caches/modules-2/files-2.1/commons-io/commons-io/2.11.0/a2503f302b11ebde7ebc3df41daebe0e4eea3689/commons-io-2.11.0.jar
[Architectury Transformer DEBUG]  - /home/bgame/.gradle/caches/modules-2/files-2.1/commons-logging/commons-logging/1.2/4bfc12adfe4842bf07b657f0369c4cb522955686/commons-logging-1.2.jar
[Architectury Transformer DEBUG]  - /home/bgame/.gradle/caches/modules-2/files-2.1/io.netty/netty-buffer/4.1.82.Final/a544270cf1ae8b8077082f5036436a9a9971ea71/netty-buffer-4.1.82.Final.jar
[Architectury Transformer DEBUG]  - /home/bgame/.gradle/caches/modules-2/files-2.1/io.netty/netty-codec/4.1.82.Final/b77200379acb345a9ffdece1c605e591ac3e4e0a/netty-codec-4.1.82.Final.jar
[Architectury Transformer DEBUG]  - /home/bgame/.gradle/caches/modules-2/files-2.1/io.netty/netty-common/4.1.82.Final/22d148e85c3f5ebdacc0ce1f5aabb1d420f73f3/netty-common-4.1.82.Final.jar
[Architectury Transformer DEBUG]  - /home/bgame/.gradle/caches/modules-2/files-2.1/io.netty/netty-handler/4.1.82.Final/644041d1fa96a5d3130a29e8978630d716d76e38/netty-handler-4.1.82.Final.jar
[Architectury Transformer DEBUG]  - /home/bgame/.gradle/caches/modules-2/files-2.1/io.netty/netty-resolver/4.1.82.Final/38f665ae8dcd29032eea31245ba7806bed2e0fa8/netty-resolver-4.1.82.Final.jar
[Architectury Transformer DEBUG]  - /home/bgame/.gradle/caches/modules-2/files-2.1/io.netty/netty-transport-classes-epoll/4.1.82.Final/e7c7dd18deac93105797f30057c912651ea76521/netty-transport-classes-epoll-4.1.82.Final.jar
[Architectury Transformer DEBUG]  - /home/bgame/.gradle/caches/modules-2/files-2.1/io.netty/netty-transport-native-epoll/4.1.82.Final/476409d6255001ca53a55f65b01c13822f8dc93a/netty-transport-native-epoll-4.1.82.Final-linux-aarch_64.jar
[Architectury Transformer DEBUG]  - /home/bgame/.gradle/caches/modules-2/files-2.1/io.netty/netty-transport-native-epoll/4.1.82.Final/c7350a71920f3ae9142945e25fed4846cce53374/netty-transport-native-epoll-4.1.82.Final-linux-x86_64.jar
[Architectury Transformer DEBUG]  - /home/bgame/.gradle/caches/modules-2/files-2.1/io.netty/netty-transport-native-unix-common/4.1.82.Final/3e895b35ca1b8a0eca56cacff4c2dde5d2c6abce/netty-transport-native-unix-common-4.1.82.Final.jar
[Architectury Transformer DEBUG]  - /home/bgame/.gradle/caches/modules-2/files-2.1/io.netty/netty-transport/4.1.82.Final/e431a218d91acb6476ccad5f5aafde50aa3945ca/netty-transport-4.1.82.Final.jar
[Architectury Transformer DEBUG]  - /home/bgame/.gradle/caches/modules-2/files-2.1/it.unimi.dsi/fastutil/8.5.9/bb7ea75ecdb216654237830b3a96d87ad91f8cc5/fastutil-8.5.9.jar
[Architectury Transformer DEBUG]  - /home/bgame/.gradle/caches/modules-2/files-2.1/net.java.dev.jna/jna-platform/5.12.1/97406a297c852f4a41e688a176ec675f72e8329/jna-platform-5.12.1.jar
[Architectury Transformer DEBUG]  - /home/bgame/.gradle/caches/modules-2/files-2.1/net.java.dev.jna/jna/5.12.1/b1e93a735caea94f503e95e6fe79bf9cdc1e985d/jna-5.12.1.jar
[Architectury Transformer DEBUG]  - /home/bgame/.gradle/caches/modules-2/files-2.1/net.sf.jopt-simple/jopt-simple/5.0.4/4fdac2fbe92dfad86aa6e9301736f6b4342a3f5c/jopt-simple-5.0.4.jar
[Architectury Transformer DEBUG]  - /home/bgame/.gradle/caches/modules-2/files-2.1/org.apache.commons/commons-compress/1.21/4ec95b60d4e86b5c95a0e919cb172a0af98011ef/commons-compress-1.21.jar
[Architectury Transformer DEBUG]  - /home/bgame/.gradle/caches/modules-2/files-2.1/org.apache.commons/commons-lang3/3.12.0/c6842c86792ff03b9f1d1fe2aab8dc23aa6c6f0e/commons-lang3-3.12.0.jar
[Architectury Transformer DEBUG]  - /home/bgame/.gradle/caches/modules-2/files-2.1/org.apache.httpcomponents/httpclient/4.5.13/e5f6cae5ca7ecaac1ec2827a9e2d65ae2869cada/httpclient-4.5.13.jar
[Architectury Transformer DEBUG]  - /home/bgame/.gradle/caches/modules-2/files-2.1/org.apache.httpcomponents/httpcore/4.4.15/7f2e0c573eaa7a74bac2e89b359e1f73d92a0a1d/httpcore-4.4.15.jar
[Architectury Transformer DEBUG]  - /home/bgame/.gradle/caches/modules-2/files-2.1/org.apache.logging.log4j/log4j-api/2.19.0/ea1b37f38c327596b216542bc636cfdc0b8036fa/log4j-api-2.19.0.jar
[Architectury Transformer DEBUG]  - /home/bgame/.gradle/caches/modules-2/files-2.1/org.apache.logging.log4j/log4j-core/2.19.0/3b6eeb4de4c49c0fe38a4ee27188ff5fee44d0bb/log4j-core-2.19.0.jar
[Architectury Transformer DEBUG]  - /home/bgame/.gradle/caches/modules-2/files-2.1/org.apache.logging.log4j/log4j-slf4j2-impl/2.19.0/5c04bfdd63ce9dceb2e284b81e96b6a70010ee10/log4j-slf4j2-impl-2.19.0.jar
[Architectury Transformer DEBUG]  - /home/bgame/.gradle/caches/modules-2/files-2.1/org.joml/joml/1.10.5/22566d58af70ad3d72308bab63b8339906deb649/joml-1.10.5.jar
[Architectury Transformer DEBUG]  - /home/bgame/.gradle/caches/modules-2/files-2.1/org.lwjgl/lwjgl-glfw/3.3.1/cbac1b8d30cb4795149c1ef540f912671a8616d0/lwjgl-glfw-3.3.1.jar
[Architectury Transformer DEBUG]  - /home/bgame/.gradle/caches/modules-2/files-2.1/org.lwjgl/lwjgl-jemalloc/3.3.1/a817bcf213db49f710603677457567c37d53e103/lwjgl-jemalloc-3.3.1.jar
[Architectury Transformer DEBUG]  - /home/bgame/.gradle/caches/modules-2/files-2.1/org.lwjgl/lwjgl-openal/3.3.1/2623a6b8ae1dfcd880738656a9f0243d2e6840bd/lwjgl-openal-3.3.1.jar
[Architectury Transformer DEBUG]  - /home/bgame/.gradle/caches/modules-2/files-2.1/org.lwjgl/lwjgl-opengl/3.3.1/831a5533a21a5f4f81bbc51bb13e9899319b5411/lwjgl-opengl-3.3.1.jar
[Architectury Transformer DEBUG]  - /home/bgame/.gradle/caches/modules-2/files-2.1/org.lwjgl/lwjgl-stb/3.3.1/b119297cf8ed01f247abe8685857f8e7fcf5980f/lwjgl-stb-3.3.1.jar
[Architectury Transformer DEBUG]  - /home/bgame/.gradle/caches/modules-2/files-2.1/org.lwjgl/lwjgl-tinyfd/3.3.1/ff1914111ef2e3e0110ef2dabc8d8cdaad82347/lwjgl-tinyfd-3.3.1.jar
[Architectury Transformer DEBUG]  - /home/bgame/.gradle/caches/modules-2/files-2.1/org.lwjgl/lwjgl/3.3.1/ae58664f88e18a9bb2c77b063833ca7aaec484cb/lwjgl-3.3.1.jar
[Architectury Transformer DEBUG]  - /home/bgame/.gradle/caches/modules-2/files-2.1/org.slf4j/slf4j-api/2.0.1/f48d81adce2abf5ad3cfe463df517952749e03bc/slf4j-api-2.0.1.jar
[Architectury Transformer DEBUG]  - /home/bgame/IdeaProjects/UIWeaver/.gradle/loom-cache/minecraftMaven/net/minecraft/minecraft-merged-project-@fabric/1.20.1-loom.mappings.1_20_1.layered+hash.40359-v2/minecraft-merged-project-@fabric-1.20.1-loom.mappings.1_20_1.layered+hash.40359-v2.jar
[Architectury Transformer DEBUG]  - /home/bgame/IdeaProjects/UIWeaver/.gradle/loom-cache/remapped_mods/loom_mappings_1_20_1_layered_hash_40359_v2/net/fabricmc/fabric-api/fabric-api/0.90.4+1.20.1/fabric-api-0.90.4+1.20.1.jar
[Architectury Transformer DEBUG]  - /home/bgame/IdeaProjects/UIWeaver/.gradle/loom-cache/remapped_mods/loom_mappings_1_20_1_layered_hash_40359_v2/dev/architectury/architectury-fabric/9.1.12/architectury-fabric-9.1.12.jar
[Architectury Transformer DEBUG]  - /home/bgame/IdeaProjects/UIWeaver/.gradle/loom-cache/remapped_mods/loom_mappings_1_20_1_layered_hash_40359_v2/net/fabricmc/fabric-api/fabric-transfer-api-v1/3.3.1+195226a777/fabric-transfer-api-v1-3.3.1+195226a777.jar
[Architectury Transformer DEBUG]  - /home/bgame/IdeaProjects/UIWeaver/.gradle/loom-cache/remapped_mods/loom_mappings_1_20_1_layered_hash_40359_v2/net/fabricmc/fabric-api/fabric-api-lookup-api-v1/1.6.35+4d8536c977/fabric-api-lookup-api-v1-1.6.35+4d8536c977.jar
[Architectury Transformer DEBUG]  - /home/bgame/IdeaProjects/UIWeaver/.gradle/loom-cache/remapped_mods/loom_mappings_1_20_1_layered_hash_40359_v2/net/fabricmc/fabric-api/fabric-blockrenderlayer-v1/1.1.40+b3afc78b77/fabric-blockrenderlayer-v1-1.1.40+b3afc78b77.jar
[Architectury Transformer DEBUG]  - /home/bgame/IdeaProjects/UIWeaver/.gradle/loom-cache/remapped_mods/loom_mappings_1_20_1_layered_hash_40359_v2/net/fabricmc/fabric-api/fabric-client-tags-api-v1/1.1.1+97bb207577/fabric-client-tags-api-v1-1.1.1+97bb207577.jar
[Architectury Transformer DEBUG]  - /home/bgame/IdeaProjects/UIWeaver/.gradle/loom-cache/remapped_mods/loom_mappings_1_20_1_layered_hash_40359_v2/net/fabricmc/fabric-api/fabric-command-api-v1/1.2.33+f71b366f77/fabric-command-api-v1-1.2.33+f71b366f77.jar
[Architectury Transformer DEBUG]  - /home/bgame/IdeaProjects/UIWeaver/.gradle/loom-cache/remapped_mods/loom_mappings_1_20_1_layered_hash_40359_v2/net/fabricmc/fabric-api/fabric-commands-v0/0.2.50+df3654b377/fabric-commands-v0-0.2.50+df3654b377.jar
[Architectury Transformer DEBUG]  - /home/bgame/IdeaProjects/UIWeaver/.gradle/loom-cache/remapped_mods/loom_mappings_1_20_1_layered_hash_40359_v2/net/fabricmc/fabric-api/fabric-command-api-v2/2.2.12+b3afc78b77/fabric-command-api-v2-2.2.12+b3afc78b77.jar
[Architectury Transformer DEBUG]  - /home/bgame/IdeaProjects/UIWeaver/.gradle/loom-cache/remapped_mods/loom_mappings_1_20_1_layered_hash_40359_v2/net/fabricmc/fabric-api/fabric-content-registries-v0/4.0.10+57aed33f77/fabric-content-registries-v0-4.0.10+57aed33f77.jar
[Architectury Transformer DEBUG]  - /home/bgame/IdeaProjects/UIWeaver/.gradle/loom-cache/remapped_mods/loom_mappings_1_20_1_layered_hash_40359_v2/net/fabricmc/fabric-api/fabric-convention-tags-v1/1.5.4+a1a980da77/fabric-convention-tags-v1-1.5.4+a1a980da77.jar
[Architectury Transformer DEBUG]  - /home/bgame/IdeaProjects/UIWeaver/.gradle/loom-cache/remapped_mods/loom_mappings_1_20_1_layered_hash_40359_v2/net/fabricmc/fabric-api/fabric-data-generation-api-v1/12.3.2+d7b148e077/fabric-data-generation-api-v1-12.3.2+d7b148e077.jar
[Architectury Transformer DEBUG]  - /home/bgame/IdeaProjects/UIWeaver/.gradle/loom-cache/remapped_mods/loom_mappings_1_20_1_layered_hash_40359_v2/net/fabricmc/fabric-api/fabric-dimensions-v1/2.1.53+8536527b77/fabric-dimensions-v1-2.1.53+8536527b77.jar
[Architectury Transformer DEBUG]  - /home/bgame/IdeaProjects/UIWeaver/.gradle/loom-cache/remapped_mods/loom_mappings_1_20_1_layered_hash_40359_v2/net/fabricmc/fabric-api/fabric-entity-events-v1/1.5.22+b3afc78b77/fabric-entity-events-v1-1.5.22+b3afc78b77.jar
[Architectury Transformer DEBUG]  - /home/bgame/IdeaProjects/UIWeaver/.gradle/loom-cache/remapped_mods/loom_mappings_1_20_1_layered_hash_40359_v2/net/fabricmc/fabric-api/fabric-events-interaction-v0/0.6.1+e91849a877/fabric-events-interaction-v0-0.6.1+e91849a877.jar
[Architectury Transformer DEBUG]  - /home/bgame/IdeaProjects/UIWeaver/.gradle/loom-cache/remapped_mods/loom_mappings_1_20_1_layered_hash_40359_v2/net/fabricmc/fabric-api/fabric-gametest-api-v1/1.2.12+b3afc78b77/fabric-gametest-api-v1-1.2.12+b3afc78b77.jar
[Architectury Transformer DEBUG]  - /home/bgame/IdeaProjects/UIWeaver/.gradle/loom-cache/remapped_mods/loom_mappings_1_20_1_layered_hash_40359_v2/net/fabricmc/fabric-api/fabric-events-lifecycle-v0/0.2.62+df3654b377/fabric-events-lifecycle-v0-0.2.62+df3654b377.jar
[Architectury Transformer DEBUG]  - /home/bgame/IdeaProjects/UIWeaver/.gradle/loom-cache/remapped_mods/loom_mappings_1_20_1_layered_hash_40359_v2/net/fabricmc/fabric-api/fabric-item-api-v1/2.1.27+b3afc78b77/fabric-item-api-v1-2.1.27+b3afc78b77.jar
[Architectury Transformer DEBUG]  - /home/bgame/IdeaProjects/UIWeaver/.gradle/loom-cache/remapped_mods/loom_mappings_1_20_1_layered_hash_40359_v2/net/fabricmc/fabric-api/fabric-item-group-api-v1/4.0.11+d7b148e077/fabric-item-group-api-v1-4.0.11+d7b148e077.jar
[Architectury Transformer DEBUG]  - /home/bgame/IdeaProjects/UIWeaver/.gradle/loom-cache/remapped_mods/loom_mappings_1_20_1_layered_hash_40359_v2/net/fabricmc/fabric-api/fabric-mining-level-api-v1/2.1.49+b3afc78b77/fabric-mining-level-api-v1-2.1.49+b3afc78b77.jar
[Architectury Transformer DEBUG]  - /home/bgame/IdeaProjects/UIWeaver/.gradle/loom-cache/remapped_mods/loom_mappings_1_20_1_layered_hash_40359_v2/net/fabricmc/fabric-api/fabric-lifecycle-events-v1/2.2.21+b3afc78b77/fabric-lifecycle-events-v1-2.2.21+b3afc78b77.jar
[Architectury Transformer DEBUG]  - /home/bgame/IdeaProjects/UIWeaver/.gradle/loom-cache/remapped_mods/loom_mappings_1_20_1_layered_hash_40359_v2/net/fabricmc/fabric-api/fabric-loot-tables-v1/1.1.44+9e7660c677/fabric-loot-tables-v1-1.1.44+9e7660c677.jar
[Architectury Transformer DEBUG]  - /home/bgame/IdeaProjects/UIWeaver/.gradle/loom-cache/remapped_mods/loom_mappings_1_20_1_layered_hash_40359_v2/net/fabricmc/fabric-api/fabric-loot-api-v2/1.2.0+96dfa95977/fabric-loot-api-v2-1.2.0+96dfa95977.jar
[Architectury Transformer DEBUG]  - /home/bgame/IdeaProjects/UIWeaver/.gradle/loom-cache/remapped_mods/loom_mappings_1_20_1_layered_hash_40359_v2/net/fabricmc/fabric-api/fabric-message-api-v1/5.1.8+d7b148e077/fabric-message-api-v1-5.1.8+d7b148e077.jar
[Architectury Transformer DEBUG]  - /home/bgame/IdeaProjects/UIWeaver/.gradle/loom-cache/remapped_mods/loom_mappings_1_20_1_layered_hash_40359_v2/net/fabricmc/fabric-api/fabric-models-v0/0.4.1+9386d8a777/fabric-models-v0-0.4.1+9386d8a777.jar
[Architectury Transformer DEBUG]  - /home/bgame/IdeaProjects/UIWeaver/.gradle/loom-cache/remapped_mods/loom_mappings_1_20_1_layered_hash_40359_v2/net/fabricmc/fabric-api/fabric-model-loading-api-v1/1.0.2+709a987177/fabric-model-loading-api-v1-1.0.2+709a987177.jar
[Architectury Transformer DEBUG]  - /home/bgame/IdeaProjects/UIWeaver/.gradle/loom-cache/remapped_mods/loom_mappings_1_20_1_layered_hash_40359_v2/net/fabricmc/fabric-api/fabric-recipe-api-v1/1.0.20+b3afc78b77/fabric-recipe-api-v1-1.0.20+b3afc78b77.jar
[Architectury Transformer DEBUG]  - /home/bgame/IdeaProjects/UIWeaver/.gradle/loom-cache/remapped_mods/loom_mappings_1_20_1_layered_hash_40359_v2/net/fabricmc/fabric-api/fabric-registry-sync-v0/2.3.2+4df89eb277/fabric-registry-sync-v0-2.3.2+4df89eb277.jar
[Architectury Transformer DEBUG]  - /home/bgame/IdeaProjects/UIWeaver/.gradle/loom-cache/remapped_mods/loom_mappings_1_20_1_layered_hash_40359_v2/net/fabricmc/fabric-api/fabric-screen-handler-api-v1/1.3.29+b3afc78b77/fabric-screen-handler-api-v1-1.3.29+b3afc78b77.jar
[Architectury Transformer DEBUG]  - /home/bgame/IdeaProjects/UIWeaver/.gradle/loom-cache/remapped_mods/loom_mappings_1_20_1_layered_hash_40359_v2/net/fabricmc/fabric-api/fabric-containers-v0/0.1.63+df3654b377/fabric-containers-v0-0.1.63+df3654b377.jar
[Architectury Transformer DEBUG]  - /home/bgame/IdeaProjects/UIWeaver/.gradle/loom-cache/remapped_mods/loom_mappings_1_20_1_layered_hash_40359_v2/net/fabricmc/fabric-api/fabric-networking-v0/0.3.50+df3654b377/fabric-networking-v0-0.3.50+df3654b377.jar
[Architectury Transformer DEBUG]  - /home/bgame/IdeaProjects/UIWeaver/.gradle/loom-cache/remapped_mods/loom_mappings_1_20_1_layered_hash_40359_v2/net/fabricmc/fabric-api/fabric-networking-api-v1/1.3.10+eeb8eb3677/fabric-networking-api-v1-1.3.10+eeb8eb3677.jar
[Architectury Transformer DEBUG]  - /home/bgame/IdeaProjects/UIWeaver/.gradle/loom-cache/remapped_mods/loom_mappings_1_20_1_layered_hash_40359_v2/net/fabricmc/fabric-api/fabric-object-builder-api-v1/11.1.2+4ee0bc6077/fabric-object-builder-api-v1-11.1.2+4ee0bc6077.jar
[Architectury Transformer DEBUG]  - /home/bgame/IdeaProjects/UIWeaver/.gradle/loom-cache/remapped_mods/loom_mappings_1_20_1_layered_hash_40359_v2/net/fabricmc/fabric-api/fabric-particles-v1/1.1.1+201a23a077/fabric-particles-v1-1.1.1+201a23a077.jar
[Architectury Transformer DEBUG]  - /home/bgame/IdeaProjects/UIWeaver/.gradle/loom-cache/remapped_mods/loom_mappings_1_20_1_layered_hash_40359_v2/net/fabricmc/fabric-api/fabric-renderer-indigo/1.5.0+39a511ba77/fabric-renderer-indigo-1.5.0+39a511ba77.jar
[Architectury Transformer DEBUG]  - /home/bgame/IdeaProjects/UIWeaver/.gradle/loom-cache/remapped_mods/loom_mappings_1_20_1_layered_hash_40359_v2/net/fabricmc/fabric-api/fabric-renderer-api-v1/3.2.0+39a511ba77/fabric-renderer-api-v1-3.2.0+39a511ba77.jar
[Architectury Transformer DEBUG]  - /home/bgame/IdeaProjects/UIWeaver/.gradle/loom-cache/remapped_mods/loom_mappings_1_20_1_layered_hash_40359_v2/net/fabricmc/fabric-api/fabric-rendering-fluids-v1/3.0.27+b3afc78b77/fabric-rendering-fluids-v1-3.0.27+b3afc78b77.jar
[Architectury Transformer DEBUG]  - /home/bgame/IdeaProjects/UIWeaver/.gradle/loom-cache/remapped_mods/loom_mappings_1_20_1_layered_hash_40359_v2/net/fabricmc/fabric-api/fabric-renderer-registries-v1/3.2.45+df3654b377/fabric-renderer-registries-v1-3.2.45+df3654b377.jar
[Architectury Transformer DEBUG]  - /home/bgame/IdeaProjects/UIWeaver/.gradle/loom-cache/remapped_mods/loom_mappings_1_20_1_layered_hash_40359_v2/net/fabricmc/fabric-api/fabric-rendering-v0/1.1.48+df3654b377/fabric-rendering-v0-1.1.48+df3654b377.jar
[Architectury Transformer DEBUG]  - /home/bgame/IdeaProjects/UIWeaver/.gradle/loom-cache/remapped_mods/loom_mappings_1_20_1_layered_hash_40359_v2/net/fabricmc/fabric-api/fabric-rendering-v1/3.0.7+b3afc78b77/fabric-rendering-v1-3.0.7+b3afc78b77.jar
[Architectury Transformer DEBUG]  - /home/bgame/IdeaProjects/UIWeaver/.gradle/loom-cache/remapped_mods/loom_mappings_1_20_1_layered_hash_40359_v2/net/fabricmc/fabric-api/fabric-screen-api-v1/2.0.7+b3afc78b77/fabric-screen-api-v1-2.0.7+b3afc78b77.jar
[Architectury Transformer DEBUG]  - /home/bgame/IdeaProjects/UIWeaver/.gradle/loom-cache/remapped_mods/loom_mappings_1_20_1_layered_hash_40359_v2/net/fabricmc/fabric-api/fabric-api-base/0.4.30+7abfd51577/fabric-api-base-0.4.30+7abfd51577.jar
[Architectury Transformer DEBUG]  - /home/bgame/IdeaProjects/UIWeaver/.gradle/loom-cache/remapped_mods/loom_mappings_1_20_1_layered_hash_40359_v2/net/fabricmc/fabric-api/fabric-biome-api-v1/13.0.12+215bbe9677/fabric-biome-api-v1-13.0.12+215bbe9677.jar
[Architectury Transformer DEBUG]  - /home/bgame/IdeaProjects/UIWeaver/.gradle/loom-cache/remapped_mods/loom_mappings_1_20_1_layered_hash_40359_v2/net/fabricmc/fabric-api/fabric-block-api-v1/1.0.10+92a0d36777/fabric-block-api-v1-1.0.10+92a0d36777.jar
[Architectury Transformer DEBUG]  - /home/bgame/IdeaProjects/UIWeaver/.gradle/loom-cache/remapped_mods/loom_mappings_1_20_1_layered_hash_40359_v2/net/fabricmc/fabric-api/fabric-rendering-data-attachment-v1/0.3.36+92a0d36777/fabric-rendering-data-attachment-v1-0.3.36+92a0d36777.jar
[Architectury Transformer DEBUG]  - /home/bgame/IdeaProjects/UIWeaver/.gradle/loom-cache/remapped_mods/loom_mappings_1_20_1_layered_hash_40359_v2/net/fabricmc/fabric-api/fabric-block-view-api-v2/1.0.0+92a0d36777/fabric-block-view-api-v2-1.0.0+92a0d36777.jar
[Architectury Transformer DEBUG]  - /home/bgame/IdeaProjects/UIWeaver/.gradle/loom-cache/remapped_mods/loom_mappings_1_20_1_layered_hash_40359_v2/net/fabricmc/fabric-api/fabric-crash-report-info-v1/0.2.18+aeb40ebe77/fabric-crash-report-info-v1-0.2.18+aeb40ebe77.jar
[Architectury Transformer DEBUG]  - /home/bgame/IdeaProjects/UIWeaver/.gradle/loom-cache/remapped_mods/loom_mappings_1_20_1_layered_hash_40359_v2/net/fabricmc/fabric-api/fabric-game-rule-api-v1/1.0.38+b04edc7a77/fabric-game-rule-api-v1-1.0.38+b04edc7a77.jar
[Architectury Transformer DEBUG]  - /home/bgame/IdeaProjects/UIWeaver/.gradle/loom-cache/remapped_mods/loom_mappings_1_20_1_layered_hash_40359_v2/net/fabricmc/fabric-api/fabric-keybindings-v0/0.2.34+df3654b377/fabric-keybindings-v0-0.2.34+df3654b377.jar
[Architectury Transformer DEBUG]  - /home/bgame/IdeaProjects/UIWeaver/.gradle/loom-cache/remapped_mods/loom_mappings_1_20_1_layered_hash_40359_v2/net/fabricmc/fabric-api/fabric-key-binding-api-v1/1.0.36+fb8d95da77/fabric-key-binding-api-v1-1.0.36+fb8d95da77.jar
[Architectury Transformer DEBUG]  - /home/bgame/IdeaProjects/UIWeaver/.gradle/loom-cache/remapped_mods/loom_mappings_1_20_1_layered_hash_40359_v2/net/fabricmc/fabric-api/fabric-resource-conditions-api-v1/2.3.6+d7b148e077/fabric-resource-conditions-api-v1-2.3.6+d7b148e077.jar
[Architectury Transformer DEBUG]  - /home/bgame/IdeaProjects/UIWeaver/.gradle/loom-cache/remapped_mods/loom_mappings_1_20_1_layered_hash_40359_v2/net/fabricmc/fabric-api/fabric-resource-loader-v0/0.11.9+132c48c177/fabric-resource-loader-v0-0.11.9+132c48c177.jar
[Architectury Transformer DEBUG]  - /home/bgame/IdeaProjects/UIWeaver/.gradle/loom-cache/remapped_mods/loom_mappings_1_20_1_layered_hash_40359_v2/net/fabricmc/fabric-api/fabric-sound-api-v1/1.0.12+b3afc78b77/fabric-sound-api-v1-1.0.12+b3afc78b77.jar
[Architectury Transformer DEBUG]  - /home/bgame/IdeaProjects/UIWeaver/.gradle/loom-cache/remapped_mods/loom_mappings_1_20_1_layered_hash_40359_v2/net/fabricmc/fabric-api/fabric-transitive-access-wideners-v1/4.3.0+6c31357e77/fabric-transitive-access-wideners-v1-4.3.0+6c31357e77.jar
[Architectury Transformer] Read classpath in 859.9 ms
[Architectury Transformer DEBUG] Closed File Systems for /home/bgame/IdeaProjects/UIWeaver/common/build/devlibs/uiweaver-0.1.0-dev.jar
[Architectury Transformer DEBUG] Transforming 5 transformer(s) from /home/bgame/IdeaProjects/UIWeaver/common/build/devlibs/uiweaver-0.1.0-dev.jar to /tmp/2265148418356284224.jar: 
[Architectury Transformer DEBUG]  - dev.architectury.transformer.transformers.RuntimeMixinRefmapDetector@44a664f2
[Architectury Transformer DEBUG]  - dev.architectury.transformer.transformers.GenerateFakeFabricMod@7f9fcf7f
[Architectury Transformer DEBUG]  - dev.architectury.transformer.transformers.TransformExpectPlatform@2357d90a
[Architectury Transformer DEBUG]  - dev.architectury.transformer.transformers.RemapInjectables@6328d34a
[Architectury Transformer DEBUG]  - dev.architectury.transformer.transformers.TransformPlatformOnly@145eaa29
[Architectury Transformer DEBUG] Transforming from /home/bgame/IdeaProjects/UIWeaver/common/build/devlibs/uiweaver-0.1.0-dev.jar to /tmp/2265148418356284224.jar with 5 transformer(s) on dev.architectury.transformer.handler.SimpleTransformerHandler
[Architectury Transformer DEBUG] Found class transformer
[Architectury Transformer DEBUG] Writing dev/uiweaver/runtime/sync/SyncEntry with maxs=true frames=true
[Architectury Transformer DEBUG] Writing dev/uiweaver/runtime/sync/DirtyTracker with maxs=true frames=true
[Architectury Transformer DEBUG] Writing dev/uiweaver/runtime/sync/SyncManager with maxs=true frames=true
[Architectury Transformer DEBUG] Writing dev/uiweaver/runtime/network/ActionPacket with maxs=true frames=true
[Architectury Transformer DEBUG] Writing dev/uiweaver/runtime/network/SyncPacket$1 with maxs=true frames=true
[Architectury Transformer DEBUG] Writing dev/uiweaver/runtime/network/SyncPacket with maxs=true frames=true
[Architectury Transformer DEBUG] Writing dev/uiweaver/runtime/network/NetworkChannel$ServerPacketHandler with maxs=true frames=true
[Architectury Transformer DEBUG] Writing dev/uiweaver/runtime/network/NetworkChannel with maxs=true frames=true
[Architectury Transformer DEBUG] Writing dev/uiweaver/runtime/registry/UIRegistry with maxs=true frames=true
[Architectury Transformer DEBUG] Writing dev/uiweaver/runtime/lifecycle/ScreenLifecycle with maxs=true frames=true
[Architectury Transformer DEBUG] Writing dev/uiweaver/runtime/lifecycle/UIScreenSession with maxs=true frames=true
[Architectury Transformer DEBUG] Writing dev/uiweaver/runtime/lifecycle/SessionManager with maxs=true frames=true
[Architectury Transformer DEBUG] Writing dev/uiweaver/runtime/slot/FilteredSlot with maxs=true frames=true
[Architectury Transformer DEBUG] Writing dev/uiweaver/runtime/menu/UIMenu with maxs=true frames=true
[Architectury Transformer DEBUG] Writing dev/uiweaver/runtime/action/ActionDispatcher with maxs=true frames=true
[Architectury Transformer DEBUG] Writing dev/uiweaver/runtime/context/ContextValidator$Result with maxs=true frames=true
[Architectury Transformer DEBUG] Writing dev/uiweaver/runtime/context/ContextValidator with maxs=true frames=true
[Architectury Transformer DEBUG] Writing dev/uiweaver/runtime/context/RuntimeActionContext with maxs=true frames=true
[Architectury Transformer DEBUG] Writing dev/uiweaver/api/action/ActionContext with maxs=true frames=true
[Architectury Transformer DEBUG] Writing dev/uiweaver/api/action/ActionDeclaration with maxs=true frames=true
[Architectury Transformer DEBUG] Writing dev/uiweaver/api/spec/UIScreenSpec$Builder with maxs=true frames=true
[Architectury Transformer DEBUG] Writing dev/uiweaver/api/spec/UIScreenSpec with maxs=true frames=true
[Architectury Transformer DEBUG] Writing dev/uiweaver/api/spec/SpecValidator with maxs=true frames=true
[Architectury Transformer DEBUG] Writing dev/uiweaver/api/sync/SyncDeclaration with maxs=true frames=true
[Architectury Transformer DEBUG] Writing dev/uiweaver/api/sync/SyncType with maxs=true frames=true
[Architectury Transformer DEBUG] Writing dev/uiweaver/api/component/MeasureProvider$TextMeasurer with maxs=true frames=true
[Architectury Transformer DEBUG] Writing dev/uiweaver/api/component/MeasureProvider with maxs=true frames=true
[Architectury Transformer DEBUG] Writing dev/uiweaver/api/component/Tooltipable with maxs=true frames=true
[Architectury Transformer DEBUG] Writing dev/uiweaver/api/component/Measurable with maxs=true frames=true
[Architectury Transformer DEBUG] Writing dev/uiweaver/api/component/UIComponent with maxs=true frames=true
[Architectury Transformer DEBUG] Writing dev/uiweaver/api/component/ComponentType with maxs=true frames=true
[Architectury Transformer DEBUG] Writing dev/uiweaver/api/component/ColumnBuilder with maxs=true frames=true
[Architectury Transformer DEBUG] Writing dev/uiweaver/api/component/PanelBuilder with maxs=true frames=true
[Architectury Transformer DEBUG] Writing dev/uiweaver/api/component/ComponentBuilder with maxs=true frames=true
[Architectury Transformer DEBUG] Writing dev/uiweaver/api/component/RowBuilder with maxs=true frames=true
[Architectury Transformer DEBUG] Writing dev/uiweaver/api/component/GridBuilder with maxs=true frames=true
[Architectury Transformer DEBUG] Writing dev/uiweaver/api/component/StackBuilder with maxs=true frames=true
[Architectury Transformer DEBUG] Writing dev/uiweaver/api/component/AbsoluteBuilder with maxs=true frames=true
[Architectury Transformer DEBUG] Writing dev/uiweaver/api/component/TabsBuilder with maxs=true frames=true
[Architectury Transformer DEBUG] Writing dev/uiweaver/api/component/CheckboxBuilder with maxs=true frames=true
[Architectury Transformer DEBUG] Writing dev/uiweaver/api/component/ToggleBuilder with maxs=true frames=true
[Architectury Transformer DEBUG] Writing dev/uiweaver/api/component/SliderBuilder with maxs=true frames=true
[Architectury Transformer DEBUG] Writing dev/uiweaver/api/component/DropdownBuilder with maxs=true frames=true
[Architectury Transformer DEBUG] Writing dev/uiweaver/api/component/ScrollPanelBuilder with maxs=true frames=true
[Architectury Transformer DEBUG] Writing dev/uiweaver/api/component/LabelBuilder with maxs=true frames=true
[Architectury Transformer DEBUG] Writing dev/uiweaver/api/component/ButtonBuilder with maxs=true frames=true
[Architectury Transformer DEBUG] Writing dev/uiweaver/api/component/EnergyBarBuilder with maxs=true frames=true
[Architectury Transformer DEBUG] Writing dev/uiweaver/api/component/FluidBarBuilder with maxs=true frames=true
[Architectury Transformer DEBUG] Writing dev/uiweaver/api/component/ProgressBarBuilder with maxs=true frames=true
[Architectury Transformer DEBUG] Writing dev/uiweaver/api/component/SlotGridBuilder with maxs=true frames=true
[Architectury Transformer DEBUG] Writing dev/uiweaver/api/component/TextInputBuilder with maxs=true frames=true
[Architectury Transformer DEBUG] Writing dev/uiweaver/api/component/PlayerInventoryBuilder with maxs=true frames=true
[Architectury Transformer DEBUG] Writing dev/uiweaver/api/component/PlayerInventoryComponent with maxs=true frames=true
[Architectury Transformer DEBUG] Writing dev/uiweaver/api/component/AbstractComponent with maxs=true frames=true
[Architectury Transformer DEBUG] Writing dev/uiweaver/api/component/TextInputComponent with maxs=true frames=true
[Architectury Transformer DEBUG] Writing dev/uiweaver/api/component/SlotGridComponent with maxs=true frames=true
[Architectury Transformer DEBUG] Writing dev/uiweaver/api/component/ProgressBarComponent$Direction with maxs=true frames=true
[Architectury Transformer DEBUG] Writing dev/uiweaver/api/component/ProgressBarComponent with maxs=true frames=true
[Architectury Transformer DEBUG] Writing dev/uiweaver/api/component/FluidBarComponent with maxs=true frames=true
[Architectury Transformer DEBUG] Writing dev/uiweaver/api/component/EnergyBarComponent with maxs=true frames=true
[Architectury Transformer DEBUG] Writing dev/uiweaver/api/component/ButtonComponent with maxs=true frames=true
[Architectury Transformer DEBUG] Writing dev/uiweaver/api/component/LabelComponent with maxs=true frames=true
[Architectury Transformer DEBUG] Writing dev/uiweaver/api/component/ScrollPanelComponent with maxs=true frames=true
[Architectury Transformer DEBUG] Writing dev/uiweaver/api/component/LayoutContainer with maxs=true frames=true
[Architectury Transformer DEBUG] Writing dev/uiweaver/api/component/DropdownComponent with maxs=true frames=true
[Architectury Transformer DEBUG] Writing dev/uiweaver/api/component/SliderComponent with maxs=true frames=true
[Architectury Transformer DEBUG] Writing dev/uiweaver/api/component/ToggleComponent with maxs=true frames=true
[Architectury Transformer DEBUG] Writing dev/uiweaver/api/component/CheckboxComponent with maxs=true frames=true
[Architectury Transformer DEBUG] Writing dev/uiweaver/api/component/TabsComponent with maxs=true frames=true
[Architectury Transformer DEBUG] Writing dev/uiweaver/api/component/PanelComponent with maxs=true frames=true
[Architectury Transformer DEBUG] Writing dev/uiweaver/api/component/ContextMenuSource with maxs=true frames=true
[Architectury Transformer DEBUG] Writing dev/uiweaver/api/binding/UIBinding with maxs=true frames=true
[Architectury Transformer DEBUG] Writing dev/uiweaver/api/binding/Bindable with maxs=true frames=true
[Architectury Transformer DEBUG] Writing dev/uiweaver/api/layout/Bounds with maxs=true frames=true
[Architectury Transformer DEBUG] Writing dev/uiweaver/api/layout/Insets with maxs=true frames=true
[Architectury Transformer DEBUG] Writing dev/uiweaver/api/layout/Alignment with maxs=true frames=true
[Architectury Transformer DEBUG] Writing dev/uiweaver/api/layout/Size$Mode with maxs=true frames=true
[Architectury Transformer DEBUG] Writing dev/uiweaver/api/layout/Size with maxs=true frames=true
[Architectury Transformer DEBUG] Writing dev/uiweaver/api/layout/LayoutEngine with maxs=true frames=true
[Architectury Transformer DEBUG] Writing dev/uiweaver/api/layout/StackLayout with maxs=true frames=true
[Architectury Transformer DEBUG] Writing dev/uiweaver/api/layout/ColumnLayout$1 with maxs=true frames=true
[Architectury Transformer DEBUG] Writing dev/uiweaver/api/layout/ColumnLayout with maxs=true frames=true
[Architectury Transformer DEBUG] Writing dev/uiweaver/api/layout/RowLayout$1 with maxs=true frames=true
[Architectury Transformer DEBUG] Writing dev/uiweaver/api/layout/RowLayout with maxs=true frames=true
[Architectury Transformer DEBUG] Writing dev/uiweaver/api/layout/GridLayout with maxs=true frames=true
[Architectury Transformer DEBUG] Writing dev/uiweaver/api/layout/AbsoluteLayout with maxs=true frames=true
[Architectury Transformer DEBUG] Writing dev/uiweaver/api/slot/SlotDescriptor$Role with maxs=true frames=true
[Architectury Transformer DEBUG] Writing dev/uiweaver/api/slot/SlotDescriptor$Builder with maxs=true frames=true
[Architectury Transformer DEBUG] Writing dev/uiweaver/api/slot/SlotDescriptor with maxs=true frames=true
[Architectury Transformer DEBUG] Writing dev/uiweaver/api/slot/SlotBindingDeclaration with maxs=true frames=true
[Architectury Transformer DEBUG] Writing dev/uiweaver/api/view/UIViewModel with maxs=true frames=true
[Architectury Transformer DEBUG] Writing dev/uiweaver/api/debug/ComponentTreeNode with maxs=true frames=true
[Architectury Transformer DEBUG] Writing dev/uiweaver/api/debug/ComponentTreeBuilder with maxs=true frames=true
[Architectury Transformer DEBUG] Writing dev/uiweaver/api/context/UIContextPayload$None with maxs=true frames=true
[Architectury Transformer DEBUG] Writing dev/uiweaver/api/context/UIContextPayload$BlockContext with maxs=true frames=true
[Architectury Transformer DEBUG] Writing dev/uiweaver/api/context/UIContextPayload$ItemContext with maxs=true frames=true
[Architectury Transformer DEBUG] Writing dev/uiweaver/api/context/UIContextPayload with maxs=true frames=true
[Architectury Transformer DEBUG] Writing dev/uiweaver/api/UIScreen with maxs=true frames=true
[Architectury Transformer DEBUG] Writing dev/uiweaver/api/UIBuilder with maxs=true frames=true
[Architectury Transformer DEBUG] Writing dev/uiweaver/client/render/RenderLayer with maxs=true frames=true
[Architectury Transformer DEBUG] Writing dev/uiweaver/client/render/WidgetRenderer with maxs=true frames=true
[Architectury Transformer DEBUG] Writing dev/uiweaver/client/render/WidgetRendererRegistry with maxs=true frames=true
[Architectury Transformer DEBUG] Writing dev/uiweaver/client/screen/ScreenActionSender with maxs=true frames=true
[Architectury Transformer DEBUG] Writing dev/uiweaver/client/screen/ClientNetworkBridge with maxs=true frames=true
[Architectury Transformer DEBUG] Writing dev/uiweaver/client/theme/UITheme$Builder with maxs=true frames=true
[Architectury Transformer DEBUG] Writing dev/uiweaver/client/theme/UITheme with maxs=true frames=true
[Architectury Transformer DEBUG] Writing dev/uiweaver/client/theme/ThemeRegistry with maxs=true frames=true
[Architectury Transformer DEBUG] Writing dev/uiweaver/client/input/InputReceiver with maxs=true frames=true
[Architectury Transformer DEBUG] Writing dev/uiweaver/client/input/FocusManager with maxs=true frames=true
[Architectury Transformer DEBUG] Writing dev/uiweaver/client/modal/UIModal with maxs=true frames=true
[Architectury Transformer DEBUG] Writing dev/uiweaver/client/modal/ModalManager with maxs=true frames=true
[Architectury Transformer DEBUG] Writing dev/uiweaver/client/popup/ContextMenuItem with maxs=true frames=true
[Architectury Transformer DEBUG] Writing dev/uiweaver/client/popup/PopupMenu with maxs=true frames=true
[Architectury Transformer DEBUG] Writing dev/uiweaver/client/popup/PopupManager with maxs=true frames=true
[Architectury Transformer DEBUG] Writing dev/uiweaver/example/ExampleMachineBlockEntity with maxs=true frames=true
[Architectury Transformer DEBUG] Writing dev/uiweaver/example/ExampleMachineScreen with maxs=true frames=true
[Architectury Transformer DEBUG] Checking whether /architectury.common.json is a mixin config.
[Architectury Transformer DEBUG] Closed File Systems for /tmp/2265148418356284224.jar
[Architectury Transformer] Listening at /home/bgame/IdeaProjects/UIWeaver/common/build/devlibs/uiweaver-0.1.0-dev.jar
[Architectury Transformer DEBUG] Temporary jar [/tmp/2265148418356284224.jar] contains packages: dev.uiweaver.api.view, dev.uiweaver.api.layout, dev.uiweaver.api.binding, dev.uiweaver.api.component, dev.uiweaver.client.input, dev.uiweaver.runtime.context, dev.uiweaver.api.sync, dev.uiweaver.runtime.menu, dev.uiweaver.runtime.registry, dev.uiweaver.runtime.sync, dev.uiweaver.client.screen, dev.uiweaver.example, dev.uiweaver.api.context, dev.uiweaver.client.theme, dev.uiweaver.client.modal, dev.uiweaver.client.render, dev.uiweaver.api.spec, dev.uiweaver.runtime.lifecycle, dev.uiweaver.api.slot, dev.uiweaver.api.debug, dev.uiweaver.api, dev.uiweaver.runtime.slot, dev.uiweaver.client.popup, dev.uiweaver.api.action, dev.uiweaver.runtime.network, dev.uiweaver.runtime.action
[Architectury Transformer DEBUG] Closed File Systems for /home/bgame/IdeaProjects/UIWeaver/common/build/devlibs/uiweaver-0.1.0-dev.jar
[Architectury Transformer DEBUG] Classpath entry [/home/bgame/IdeaProjects/UIWeaver/fabric/build/classes/java/main] contains packages: dev.uiweaver.fabric.client.screen, dev.uiweaver.fabric.registry, dev.uiweaver.fabric.client.debug, dev.uiweaver.fabric, dev.uiweaver.fabric.client.render.widget, dev.uiweaver.fabric.client.input, dev.uiweaver.fabric.client.render, dev.uiweaver.fabric.client, dev.uiweaver.fabric.network
[Architectury Transformer DEBUG] Classpath entry [/home/bgame/IdeaProjects/UIWeaver/fabric/build/resources/main] contains packages: 
[Architectury Transformer DEBUG] Transforming from dev/uiweaver/runtime/network/NetworkChannel.class to dev/uiweaver/runtime/network/NetworkChannel.class with 5 transformer(s) on dev.architectury.transformer.handler.TinyRemapperPreparedTransformerHandler
[Architectury Transformer DEBUG] Found class transformer
[Architectury Transformer DEBUG] Writing dev/uiweaver/runtime/network/NetworkChannel with maxs=true frames=true
[Architectury Transformer DEBUG] Transformed dev/uiweaver/runtime/network/NetworkChannel in 766.4 μs
[Architectury Transformer DEBUG] Transforming from dev/uiweaver/runtime/menu/UIMenu.class to dev/uiweaver/runtime/menu/UIMenu.class with 5 transformer(s) on dev.architectury.transformer.handler.TinyRemapperPreparedTransformerHandler
[Architectury Transformer DEBUG] Found class transformer
[Architectury Transformer DEBUG] Writing dev/uiweaver/runtime/menu/UIMenu with maxs=true frames=true
[Architectury Transformer DEBUG] Transformed dev/uiweaver/runtime/menu/UIMenu in 1.453 ms
[Architectury Transformer DEBUG] Transforming from dev/uiweaver/client/screen/ScreenActionSender.class to dev/uiweaver/client/screen/ScreenActionSender.class with 5 transformer(s) on dev.architectury.transformer.handler.TinyRemapperPreparedTransformerHandler
[Architectury Transformer DEBUG] Found class transformer
[Architectury Transformer DEBUG] Writing dev/uiweaver/client/screen/ScreenActionSender with maxs=true frames=true
[Architectury Transformer DEBUG] Transformed dev/uiweaver/client/screen/ScreenActionSender in 260.2 μs
[Architectury Transformer DEBUG] Transforming from dev/uiweaver/runtime/network/ActionPacket.class to dev/uiweaver/runtime/network/ActionPacket.class with 5 transformer(s) on dev.architectury.transformer.handler.TinyRemapperPreparedTransformerHandler
[Architectury Transformer DEBUG] Found class transformer
[Architectury Transformer DEBUG] Writing dev/uiweaver/runtime/network/ActionPacket with maxs=true frames=true
[Architectury Transformer DEBUG] Transformed dev/uiweaver/runtime/network/ActionPacket in 388.7 μs
[Architectury Transformer DEBUG] Transforming from dev/uiweaver/client/screen/ClientNetworkBridge.class to dev/uiweaver/client/screen/ClientNetworkBridge.class with 5 transformer(s) on dev.architectury.transformer.handler.TinyRemapperPreparedTransformerHandler
[Architectury Transformer DEBUG] Found class transformer
[Architectury Transformer DEBUG] Writing dev/uiweaver/client/screen/ClientNetworkBridge with maxs=true frames=true
[Architectury Transformer DEBUG] Transformed dev/uiweaver/client/screen/ClientNetworkBridge in 165.2 μs
[Architectury Transformer DEBUG] Transforming from dev/uiweaver/client/render/WidgetRenderer.class to dev/uiweaver/client/render/WidgetRenderer.class with 5 transformer(s) on dev.architectury.transformer.handler.TinyRemapperPreparedTransformerHandler
[Architectury Transformer DEBUG] Found class transformer
[Architectury Transformer DEBUG] Writing dev/uiweaver/client/render/WidgetRenderer with maxs=true frames=true
[Architectury Transformer DEBUG] Transformed dev/uiweaver/client/render/WidgetRenderer in 182.3 μs
[Architectury Transformer DEBUG] Transforming from dev/uiweaver/client/render/WidgetRendererRegistry.class to dev/uiweaver/client/render/WidgetRendererRegistry.class with 5 transformer(s) on dev.architectury.transformer.handler.TinyRemapperPreparedTransformerHandler
[Architectury Transformer DEBUG] Found class transformer
[Architectury Transformer DEBUG] Writing dev/uiweaver/client/render/WidgetRendererRegistry with maxs=true frames=true
[Architectury Transformer DEBUG] Transformed dev/uiweaver/client/render/WidgetRendererRegistry in 231.8 μs
[Architectury Transformer DEBUG] Transforming from dev/uiweaver/api/component/ComponentType.class to dev/uiweaver/api/component/ComponentType.class with 5 transformer(s) on dev.architectury.transformer.handler.TinyRemapperPreparedTransformerHandler
[Architectury Transformer DEBUG] Found class transformer
[Architectury Transformer DEBUG] Writing dev/uiweaver/api/component/ComponentType with maxs=true frames=true
[Architectury Transformer DEBUG] Transformed dev/uiweaver/api/component/ComponentType in 338.0 μs
